<?xml version="1.0" encoding="UTF-8"?>
<!-- Generated by org.testng.reporters.JUnitReportReporter -->
<testsuite skipped="0" hostname="VAIO" name="testn.testngparameter" tests="1" failures="0" timestamp="04 Dec 2018 16:37:39 GMT" time="39.382" errors="0">
  <testcase name="m1" time="39.382" classname="testn.testngparameter"/>
</testsuite> <!-- testn.testngparameter -->
