<?xml version="1.0" encoding="UTF-8"?>
<!-- Generated by org.testng.reporters.JUnitReportReporter -->
<testsuite skipped="0" hostname="VAIO" name="group.g3" tests="1" failures="0" timestamp="05 Dec 2018 09:10:06 GMT" time="0.005" errors="0">
  <testcase name="g2" time="0.005" classname="group.g3"/>
</testsuite> <!-- group.g3 -->
