<?xml version="1.0" encoding="UTF-8"?>
<!-- Generated by org.testng.reporters.JUnitReportReporter -->
<testsuite skipped="0" hostname="VAIO" name="testn.ng2" tests="1" failures="0" timestamp="04 Dec 2018 16:27:06 GMT" time="0.002" errors="0">
  <testcase name="m1" time="0.002" classname="testn.ng2"/>
</testsuite> <!-- testn.ng2 -->
