<?xml version="1.0" encoding="UTF-8"?>
<!-- Generated by org.testng.reporters.JUnitReportReporter -->
<testsuite skipped="0" hostname="VAIO" name="iframe.iframe1" tests="1" failures="0" timestamp="07 Dec 2018 08:46:49 GMT" time="8.319" errors="0">
  <testcase name="m1" time="8.319" classname="iframe.iframe1"/>
</testsuite> <!-- iframe.iframe1 -->
