<?xml version="1.0" encoding="UTF-8"?>
<!-- Generated by org.testng.reporters.JUnitReportReporter -->
<testsuite skipped="0" hostname="VAIO" name="group.g2" tests="1" failures="0" timestamp="05 Dec 2018 09:10:06 GMT" time="0.006" errors="0">
  <testcase name="g222" time="0.006" classname="group.g2"/>
</testsuite> <!-- group.g2 -->
