<?xml version="1.0" encoding="UTF-8"?>
<!-- Generated by org.testng.reporters.JUnitReportReporter -->
<testsuite skipped="0" hostname="VAIO" name="data_provider.dataprovi" tests="3" failures="0" timestamp="05 Dec 2018 09:26:45 GMT" time="0.041" errors="0">
  <testcase name="m" time="0.006" classname="data_provider.dataprovi"/>
  <testcase name="m" time="0.029" classname="data_provider.dataprovi"/>
  <testcase name="m" time="0.006" classname="data_provider.dataprovi"/>
</testsuite> <!-- data_provider.dataprovi -->
